Traceback (most recent call last):
  File "C:\Users\mfbxgmj2\AppData\Local\anaconda3\Lib\site-packages\jupyter_cache\executors\utils.py", line 58, in single_nb_execution
    executenb(
  File "C:\Users\mfbxgmj2\AppData\Local\anaconda3\Lib\site-packages\nbclient\client.py", line 1204, in execute
    return NotebookClient(nb=nb, resources=resources, km=km, **kwargs).execute()
           ^^^^^^^^^^^^^^^^^^^^^^^^^^^^^^^^^^^^^^^^^^^^^^^^^^^^^^^^^^^^^^^^^^^^^
  File "C:\Users\mfbxgmj2\AppData\Local\anaconda3\Lib\site-packages\nbclient\util.py", line 84, in wrapped
    return just_run(coro(*args, **kwargs))
           ^^^^^^^^^^^^^^^^^^^^^^^^^^^^^^^
  File "C:\Users\mfbxgmj2\AppData\Local\anaconda3\Lib\site-packages\nbclient\util.py", line 62, in just_run
    return loop.run_until_complete(coro)
           ^^^^^^^^^^^^^^^^^^^^^^^^^^^^^
  File "C:\Users\mfbxgmj2\AppData\Local\anaconda3\Lib\asyncio\base_events.py", line 653, in run_until_complete
    return future.result()
           ^^^^^^^^^^^^^^^
  File "C:\Users\mfbxgmj2\AppData\Local\anaconda3\Lib\site-packages\nbclient\client.py", line 663, in async_execute
    await self.async_execute_cell(
  File "C:\Users\mfbxgmj2\AppData\Local\anaconda3\Lib\site-packages\nbclient\client.py", line 965, in async_execute_cell
    await self._check_raise_for_error(cell, cell_index, exec_reply)
  File "C:\Users\mfbxgmj2\AppData\Local\anaconda3\Lib\site-packages\nbclient\client.py", line 862, in _check_raise_for_error
    raise CellExecutionError.from_cell_and_msg(cell, exec_reply_content)
nbclient.exceptions.CellExecutionError: An error occurred while executing the following cell:
------------------
import requests

# Define the URL of the web service
url = "http://13.40.150.219:7778/feedbackservice"

# Define the text variable to be posted
prompttext = input ("paste text for feedback")

level = input ("Type level of feedback:\n6. Level 6\n7. Level 7\n")
level = "Level " + str (level)
    
criteria = input ("Enter any assessment criteria you wish to focus on:\n")

# Define the data payload to be sent
data = {
    "submittedtext": prompttext,
    "criteria": criteria,
    "level": level
}

# Send the POST request to the web service
response = requests.post(url, data=data)

# Check if the request was successful (status code 200)
if response.status_code == 200:
    print ("\n\n",response.json()["response"])
else:
    print("Failed to post text. Status code:", response.status_code)

------------------

[1;31m---------------------------------------------------------------------------[0m
[1;31mStdinNotImplementedError[0m                  Traceback (most recent call last)
Cell [1;32mIn[1], line 7[0m
[0;32m      4[0m url [38;5;241m=[39m [38;5;124m"[39m[38;5;124mhttp://13.40.150.219:7778/feedbackservice[39m[38;5;124m"[39m
[0;32m      6[0m [38;5;66;03m# Define the text variable to be posted[39;00m
[1;32m----> 7[0m prompttext [38;5;241m=[39m [38;5;28minput[39m ([38;5;124m"[39m[38;5;124mpaste text for feedback[39m[38;5;124m"[39m)
[0;32m      9[0m level [38;5;241m=[39m [38;5;28minput[39m ([38;5;124m"[39m[38;5;124mType level of feedback:[39m[38;5;130;01m\n[39;00m[38;5;124m6. Level 6[39m[38;5;130;01m\n[39;00m[38;5;124m7. Level 7[39m[38;5;130;01m\n[39;00m[38;5;124m"[39m)
[0;32m     10[0m level [38;5;241m=[39m [38;5;124m"[39m[38;5;124mLevel [39m[38;5;124m"[39m [38;5;241m+[39m [38;5;28mstr[39m (level)

File [1;32m~\AppData\Local\anaconda3\Lib\site-packages\ipykernel\kernelbase.py:1172[0m, in [0;36mKernel.raw_input[1;34m(self, prompt)[0m
[0;32m   1165[0m [38;5;250m[39m[38;5;124;03m"""Forward raw_input to frontends[39;00m
[0;32m   1166[0m 
[0;32m   1167[0m [38;5;124;03mRaises[39;00m
[0;32m   1168[0m [38;5;124;03m------[39;00m
[0;32m   1169[0m [38;5;124;03mStdinNotImplementedError if active frontend doesn't support stdin.[39;00m
[0;32m   1170[0m [38;5;124;03m"""[39;00m
[0;32m   1171[0m [38;5;28;01mif[39;00m [38;5;129;01mnot[39;00m [38;5;28mself[39m[38;5;241m.[39m_allow_stdin:
[1;32m-> 1172[0m     [38;5;28;01mraise[39;00m StdinNotImplementedError(
[0;32m   1173[0m         [38;5;124m"[39m[38;5;124mraw_input was called, but this frontend does not support input requests.[39m[38;5;124m"[39m
[0;32m   1174[0m     )
[0;32m   1175[0m [38;5;28;01mreturn[39;00m [38;5;28mself[39m[38;5;241m.[39m_input_request(
[0;32m   1176[0m     [38;5;28mstr[39m(prompt),
[0;32m   1177[0m     [38;5;28mself[39m[38;5;241m.[39m_parent_ident[[38;5;124m"[39m[38;5;124mshell[39m[38;5;124m"[39m],
[0;32m   1178[0m     [38;5;28mself[39m[38;5;241m.[39mget_parent([38;5;124m"[39m[38;5;124mshell[39m[38;5;124m"[39m),
[0;32m   1179[0m     password[38;5;241m=[39m[38;5;28;01mFalse[39;00m,
[0;32m   1180[0m )

[1;31mStdinNotImplementedError[0m: raw_input was called, but this frontend does not support input requests.
StdinNotImplementedError: raw_input was called, but this frontend does not support input requests.

